
[2K[1G[1myarn run v1.22.19[22m
[2K[1G[2m$ tsup[22m
[34mCLI[39m Building entry: src/counter-button/index.tsx, src/link/index.tsx
[34mCLI[39m Using tsconfig: tsconfig.json
[34mCLI[39m tsup v8.3.5
[34mCLI[39m Using tsup config: /Users/kohei_old/dev/daox/packages/ui/tsup.config.ts
[34mCLI[39m Target: es6
[34mCJS[39m Build start
[34mESM[39m Build start
[32mCJS[39m [1mdist/counter-button/index.js [22m[32m2.63 KB[39m
<<<<<<< HEAD
[32mCJS[39m [1mdist/link/index.js           [22m[32m2.62 KB[39m
[32mCJS[39m âš¡ï¸ Build success in 40ms
[32mESM[39m [1mdist/chunk-4SF65RZN.mjs       [22m[32m1.32 KB[39m
[32mESM[39m [1mdist/counter-button/index.mjs [22m[32m1.50 KB[39m
[32mESM[39m [1mdist/link/index.mjs           [22m[32m553.00 B[39m
[32mESM[39m âš¡ï¸ Build success in 41ms
[2K[1Gâœ¨  Done in 4.70s.
=======
[32mCJS[39m âš¡ï¸ Build success in 12ms
[32mESM[39m [1mdist/link/index.mjs           [22m[32m553.00 B[39m
[32mESM[39m [1mdist/counter-button/index.mjs [22m[32m1.50 KB[39m
[32mESM[39m [1mdist/chunk-4SF65RZN.mjs       [22m[32m1.32 KB[39m
[32mESM[39m âš¡ï¸ Build success in 12ms
[2K[1Gâœ¨  Done in 0.44s.
>>>>>>> 1403144 (Update .gitignore)
